{
  "stats": {
    "suites": 1,
    "tests": 1,
    "passes": 1,
    "pending": 0,
    "failures": 0,
    "start": "2021-02-20T18:19:55.742Z",
    "end": "2021-02-20T18:20:27.248Z",
    "duration": 31506,
    "testsRegistered": 1,
    "passPercent": 100,
    "pendingPercent": 0,
    "other": 0,
    "hasOther": false,
    "skipped": 0,
    "hasSkipped": false
  },
  "results": [
    {
      "uuid": "c33b5cf6-2d11-475b-ba94-0cb38a442683",
      "title": "",
      "fullFile": "cypress\\integration\\examples\\BDD\\ecommerce.feature",
      "file": "cypress\\integration\\examples\\BDD\\ecommerce.feature",
      "beforeHooks": [],
      "afterHooks": [],
      "tests": [],
      "suites": [
        {
          "uuid": "d7714ec5-18c9-4b16-8a74-1eb248970b34",
          "title": "End to end Testing of Ecommerce",
          "fullFile": "",
          "file": "",
          "beforeHooks": [],
          "afterHooks": [],
          "tests": [
            {
              "title": "Ecommerce search Test",
              "fullTitle": "End to end Testing of Ecommerce Ecommerce search Test",
              "timedOut": null,
              "duration": 21017,
              "state": "passed",
              "speed": "slow",
              "pass": true,
              "fail": false,
              "pending": false,
              "context": null,
              "code": "const state = window.testState;\nreturn cy\n  .then(() => state.onStartScenario(scenario, indexedSteps))\n  .then(() =>\n    resolveAndRunBeforeHooks.call(this, scenario.tags, state.feature.name)\n  )\n  .then(() =>\n    indexedSteps.forEach((step) =>\n      stepTest.call(this, state, step, rowData)\n    )\n  )\n  .then(() =>\n    resolveAndRunAfterHooks.call(this, scenario.tags, state.feature.name)\n  )\n  .then(() => state.onFinishScenario(scenario));",
              "err": {},
              "uuid": "bff48a32-aefc-44ba-b681-49d5202f7c21",
              "parentUUID": "d7714ec5-18c9-4b16-8a74-1eb248970b34",
              "isHook": false,
              "skipped": false
            }
          ],
          "suites": [],
          "passes": [
            "bff48a32-aefc-44ba-b681-49d5202f7c21"
          ],
          "failures": [],
          "pending": [],
          "skipped": [],
          "duration": 21017,
          "root": false,
          "rootEmpty": false,
          "_timeout": 2000
        }
      ],
      "passes": [],
      "failures": [],
      "pending": [],
      "skipped": [],
      "duration": 0,
      "root": true,
      "rootEmpty": true,
      "_timeout": 2000
    }
  ],
  "meta": {
    "mocha": {
      "version": "7.0.1"
    },
    "mochawesome": {
      "options": {
        "quiet": false,
        "reportFilename": "mochawesome",
        "saveHtml": true,
        "saveJson": true,
        "consoleReporter": "spec",
        "useInlineDiffs": false,
        "code": true
      },
      "version": "6.2.2"
    },
    "marge": {
      "options": null,
      "version": "5.2.0"
    }
  }
}